<?xml version='1.0' encoding='UTF-8'?>
<testsuite hostname="Shivas-MacBook-Air.local" name="controllers.RewardControllerSpec" tests="17" errors="0" failures="0" skipped="0" time="0.213" timestamp="2026-03-29T12:38:03">
          <properties>
[...]
</properties>
          <testcase classname="controllers.RewardControllerSpec" name="POST /api/rewards should return 201 creating a reward for a child member" time="0.021">
                      
                    </testcase><testcase classname="controllers.RewardControllerSpec" name="POST /api/rewards should return 400 when pointsCost is zero" time="0.004">
                      
                    </testcase><testcase classname="controllers.RewardControllerSpec" name="POST /api/rewards should return 400 when pointsCost is negative" time="0.002">
                      
                    </testcase><testcase classname="controllers.RewardControllerSpec" name="POST /api/rewards should return 400 when title is empty" time="0.002">
                      
                    </testcase><testcase classname="controllers.RewardControllerSpec" name="POST /api/rewards should return 401 with no token" time="0.014">
                      
                    </testcase><testcase classname="controllers.RewardControllerSpec" name="GET /api/rewards should return 200 with list of family rewards" time="0.012">
                      
                    </testcase><testcase classname="controllers.RewardControllerSpec" name="GET /api/rewards should return 200 filtered by memberId" time="0.005">
                      
                    </testcase><testcase classname="controllers.RewardControllerSpec" name="GET /api/rewards should return 200 filtered by status=active" time="0.004">
                      
                    </testcase><testcase classname="controllers.RewardControllerSpec" name="PATCH /api/rewards/:id/request should return 409 when the child has insufficient points for the reward cost" time="0.031">
                      
                    </testcase><testcase classname="controllers.RewardControllerSpec" name="PATCH /api/rewards/:id/request should return 200 requesting a reward when the child has enough points" time="0.04">
                      
                    </testcase><testcase classname="controllers.RewardControllerSpec" name="PATCH /api/rewards/:id/request should return 400 if the reward is not in active status" time="0.004">
                      
                    </testcase><testcase classname="controllers.RewardControllerSpec" name="PATCH /api/rewards/:id/approve should return 200 approving a pending_approval reward as a parent" time="0.015">
                      
                    </testcase><testcase classname="controllers.RewardControllerSpec" name="PATCH /api/rewards/:id/approve should return 400 if the reward is not in pending_approval status" time="0.013">
                      
                    </testcase><testcase classname="controllers.RewardControllerSpec" name="PATCH /api/rewards/:id/redeem should return 200 redeeming an approved reward as a parent" time="0.019">
                      
                    </testcase><testcase classname="controllers.RewardControllerSpec" name="PATCH /api/rewards/:id/redeem should return 400 if the reward is not in approved status" time="0.007">
                      
                    </testcase><testcase classname="controllers.RewardControllerSpec" name="DELETE /api/rewards/:id should return 204 deleting an active reward as a parent" time="0.011">
                      
                    </testcase><testcase classname="controllers.RewardControllerSpec" name="DELETE /api/rewards/:id should return 404 for a non-existent reward id" time="0.009">
                      
                    </testcase>
          <system-out><![CDATA[]]></system-out>
          <system-err><![CDATA[]]></system-err>
        </testsuite>