<?xml version='1.0' encoding='UTF-8'?>
<testsuite hostname="Shivas-MacBook-Air.local" name="controllers.DashboardControllerSpec" tests="4" errors="0" failures="0" skipped="0" time="0.308" timestamp="2026-03-29T12:38:04">
          <properties>
[...]
</properties>
          <testcase classname="controllers.DashboardControllerSpec" name="GET /api/dashboard should return 200 with the full dashboard payload" time="0.019">
                      
                    </testcase><testcase classname="controllers.DashboardControllerSpec" name="GET /api/dashboard should return 200 with an empty pendingTasks list after all tasks are completed" time="0.023">
                      
                    </testcase><testcase classname="controllers.DashboardControllerSpec" name="GET /api/dashboard should return 401 when no token is provided" time="0.001">
                      
                    </testcase><testcase classname="controllers.DashboardControllerSpec" name="GET /api/dashboard should return 404 when the user has no family" time="0.265">
                      
                    </testcase>
          <system-out><![CDATA[]]></system-out>
          <system-err><![CDATA[]]></system-err>
        </testsuite>